 53 20 11 40 60 60 54 55 14 72 14  8 11 55 26 53 52 52 11 29 58  9 66  6 65 29 41 62 44 39 56 13  3 31 53 63 41 63  5 58 52 60 21 52 41 70 72 55  8 57 70 61 29  7 39 21 49  8  6 53 69  1 20 46  5 22 34 63 56 46 57 53
 60 35 60 39 63 58 47 70 56 25 65 33 29 55 19 33 18 58 51 56 55 29 17 36 65 22 55  8 35 13 10 12 35 70 21 19  9  7 27 16 15 33 61 57  7 12 20 43 44 29  7  5 27 17 47 43 27 53 61  5 61 65 16 64 27 35  6  3 50 68 65 58
 67 26 19  4 71 65  3 59 22 46  5  4 36 46 18 59 31 64 65 21 20 56 14  7 41 32 25 11 40  2 30 53 38 24 39 27 68 24  8 46 12 11 71 69 34 18 24 23 69 58  9 25  6 16 59 40  4 63 44  5 31 45 23 72 59 23 64 63 67 39  2 29
 11 18 14 11 49  7 11  6 13 52 56 35 17 42 38  1 66 37 22  6  6  7 20 26 13 48 34 49 37  1 65 18 58 72 20 38 33 12 45 55 54 59 54 19  1 45  7 54  6 19 66 11 39  6 40 36 55 14 18 20 45 68 45 18 48 71 47 48 17 53 12 45
 27 54 10 45 58 37 36 48 51  5 70 28 57 55 24  3 20 14 49 11 62 11 25 60 19 27 38 25 11 10 72 31 12  7 67 33 37 61 18 63 66 45 11 25 20 45 48 66  1 38  5 57  9 28 54 34 62 53 43 44 33 23 61 28 28 11  8 51 14 32 31 22
 22 63 50  6 47 66 18  9 21 34 27  7 43  5 29 15 54 46 42  5 28  6 11  9 48  3  3 16 50  9 18 46 53  4 32  4 15 13 27 32 10 29 30 30  5 16 51 32 27 72 40 20 36 63 47 27 59 46 63 26 15 50 61 33 38 72  6 33 54  9  6 53
 43 69 18 45 65  1  2 36 71 56 22 34 43 65 20 68 18 57 51 37 11 29 28 12 69 45 72  2 12 18 72 61 38 71 43 34 49 55 72 23 66 61 20 28 72 15 39 43 47 67 72 11 51  7 67 39 35  2 55 59 28 16 72 65 16  6 45  2 14 10 49 28
 59 51 49 19 43  5 28 14 64 66 18 12  8  2 14 43 72 11 65 20 61 44 37 42 47 33 38 24 22  3 18 17 56 14 17 27 43 14 55 51 31 60  8 19 60 42 61 64  1 66 60 27 69 22 12 19 15 43 14 15 38 25 65 46 25 54 27 49 49 54 38 42
 16 32 42 17 25 13 23 50  6  6 46 30 57 65 52 38 71  9  6 39 18 41  5 38 12 17  1 28 11 62 56 14 57 56 61 34 56 32 51 18 57 64 71 30 12 61 43 35 19 22 49 16 66 34 39 55 27 64  5 35 47 15 20  3 43 16  4 30 58 22 10 61
 20 12 31  2 30 69 52 44 32 45 12 20  2 45 34 59  6  7 62 59 59  3 16  7 38 39 67 10 32 45 38 44 26 65 60 54 24 39 15 54 42 50 52 26  9 27 31 15 61 13 68 16 16  1 11 34 52 30 27 24 58 60 55 55 13 30 25 59  7 15 62  4
  5 42  4 27 30 25 35 29 72 47 13 11 63 34 35 35 64 53 45 71 25 68 72 26 40 37 27 31 59  1 27 17 61 72 68 28 11 71 51 31 21 47 47 15  4 60 65 28 67 16 42 20 23 29 64 29  6 59 47 29 25 35 40 59 47 60 40 10 42 47 69 46
 21 31 17 31 56 27 54 48 65 47 66 17 63 71 57 36 34  5 38 16 58 21 23 68 30 70 40 58 58 34 48 69 24 47 12 56 27 29 49 29 37 39 63 57  9 59 67 58 33  4 41 16 43 51 49 27  5 10 67 16 41 57 17 16 34 63 55 39  9 67  9 66
  2 57 19 17 34 32 65 60 12 13 28  2 10 25 43 32 72 65  7 35  2 49  3 71 46 25 53 63 28 25 19 18 46 47 53  7 52 25 50 20 69 22 39 23 38 62 46 71 11 59 36 44 52 34 19 14 59 54 29 41 44  5 51 41 37  5 66 14 15 31 61 57
 60 25  5 47 57 64 33 70 38 29 70 34 70 42 31 18 54 25 42 62  6 40 49 13  5 35 54 42 53 43 11 56 32 33 21  3 32 47 29 41  5 44 47 27 61 66 66 47 57 22 62 32 43  9 43 35 43  9 55 34 25 20 44 48 32 53 64 47 39  9 28 51
 47 19 24 10 53 58 49 68 64 56 26 52 63 50 37 57 57 50 43 67 71 40 53 27 26 26 36 33 25 59 59 24 44 54 31 33 64 27 12 42 53 25 46 70 12 45 46 37 40 50 64 42 58 65 15  4 27 40 16 43 63 50 17 34 47 25 19 54 25  3 56 25
  5  5 55 12 54 44 46  6 43 57 13 19 72 64 18 57 60 40 49 13 57 14 36 71 49 70  8 70 31 72 17  7 27 17 46 47 12  9  8 19  2 31 43 43 60  7 64 58 32 63 11 58 72 57 45 63 56 31 36  4  6 59 49 32 33  9 61 57 49 40 48 26
 70 63 62 26 31 62 65 15  6 42 22 25 52 71 51 28 52 72 56  7 37 47 68  3 49 68  8 15  3 39 22  8  2 43 31 59 42  5 61 52 24 65 67  1 49 54 68 44 57 61  8 69 43 67  5 58  1 65 27 27 15 43 66 25 63 71 52 22 23 70 49 68
 60 14 33  8 14  5 13 26 30 63 51 26 37 10 21 22 60 40 33 70 58 10  9 16 32  5 64 62 30 64 39 29 16 44 68 29  8 68 38 51  4  5 11 68 61 19 13 42 66 43  4 28 29 29  1 26 44 61 25 12 41 32 56 41 32 13 35 62 43 32 56 21
 46 24 49  5 12 71 59  1 71 63 53 56 16 61 14 26  4 45 59  7 45 32 53 11 62 57  9 34 40 63  6 61 43 37 67  5 59 58 49 55 15 41 67 46 52  7 13 25 70  6 19 59 67  2 66 25 37 43 16 37 56 35 16 33 57  9 43 69 63 44 63 19
 57 28  1 36  3 16 72 52 50 62 44 17 48  8 40 58 60 20 12 47 51 12 55 48 50  5 60 29 50 45  5 36 10  3 40 29 51 56 28 63 23 32 62 34  8 63 16 23 57  9 56 32 10 36 50 55 35 15 48 47 47  6 33 48 16 39 25 37 48 22 26  5
 58 44 19 36 24 39  8 64 68 24 35 57 63 19 71 68 24 59 31 49 19 68 45 28 17 28 59 30 54 21 28 34 24 19  8  5 24 25 27 64 33  3 10  7 59 25  4 62 34 66 51  6  1  9  1 54 66  9 15  1 30 40 13 29  1 61 56 53 42 22 30 57
 32  3 43 15 68 49 25 53 19  2 15 16 55 60  7 71 23 21  1 64 37 66 49 14 56 48 18 32 49 64 40 43 62 18 11 33 33 60 54 51 59 59 45 11 42 55 18 48 58 26  9  4 40 18 21 59 15 35  1 49 35 45 14 68 18 18 63 68 57 37 64  7
 29 12 45 55 66 65 17 19 58 59 14 23 29 14 20 45 35 46 43 37 66 53 43 63 45 15 17 48 44  5 29  7 19 39 22  7 15 29  7 42 41 16 17 39 34  7  2 65 58 51 49 43 16 49 67 68 66 26 42 63 45 63 41  2 51 36 53  9 33 19 37 16
  1 60 25 60  4 48 58 26 28 12 12 70  9 37 40 24 22 71 24 66  4 40 61 64 28 62 57 47 33 67 27 59 26 39 65 36  5 19 61 60 23 60 71 40 17 22 45  8 64 68 16 26 45 40 18 37 64 45  3 23 58 16 28 61  3 23 18 27 39 61 47  2
 36 33 10 32 16  5 71 27  8 30 34  9 72 65 28 12 56  9 62 40 53 45 31 27 42 58 45 13 30 60 50 27 28 10 34 59 23 56 24 67 40  3 67 24 55 40 40 30 71 31 32 47 12  2 30  3 23 45 63 50 65 43 15 49 67 55 47 47 49 32 59 10
 72 63 17 14 55  4  8 67 61  4 58 55 67 67 10 28 58 49 14  9 57 24 23 30 26 62 33 70 14 11  2 40 11 54 40 58 44 20  8 71 66 59 46 54 63 41 16 18 61 10  9 67 23 23 59 17 10 48 44 51 32 66 62 51 62 13 51 19 10 66 51 16
 49 13 62 57 68 68 43 57 50 46 39 50 38 61 61 37 50  7 39 39 18 71 45 36 14 70  7 67 42 61 46 66 68  6 69  5 40 58 61 50 16 30 46  7 30 53  1 14  5 25 16 64 58 39 34 15  4 46 53 45 23 15 36  2  3 46 71 66 19 51  4 29
 55 39 14 52 49 58 30 52 38 64 48 34 37 55  9 47 46 59  5  2 71 10 39 20 41 67 66 37 22 51 48 41 12 57 18 65 62 50  8 68 29 71 62 66  1 57 10 17 54 60 63  7 13 18 49 32 34 15 49 68 55  6 41 31  5 32 51 12 58 16 48  7
 23 23 57  9 49 10 61  6 14 37 50 32 66 29  1 14  6 46 21 62 56 49 56 20 12 42 38 35 40 59  4 22 35  9 10 20 22 50  9 31 13  8 61 56 47 59 46 47 53 25 71  8  6 31 23 53 60 61 70 18  4 35 39 21 11 20 53 27 37 67 37 49
  5 62 64 25 48 60 33 30 12 22  3 14 68 24  2  6 55 68 57 29 38 53 14 38 22 31  6 27 30 42 28 18 22 49 29 40  2 66 22 39 42 68 10 17 44 19 51 44 64 20 23 62 70 23 58 30 13 39 54 57 44  7 22 25 12 45 32 30 54 33 58 64
 65 69 55 41 52 24 14  7  8 22 32 25 65 38 16  8 26 64  3 51 15 43 10  8 45 70 71 70 31 22 26 17 18 61 56 52 52 28 10 16 56 54 55 51 54 37 37 36 61  6  9 14 36 16 26 51 67 46 32 71 54  5 29 38 60 68 67 46 16 60 22 29
 61  7 63 28 55  7  6 49  5 11  5  3 54  2 45 45 58 41 44 65 16 30 63 39 59 48 51 30 70  9  7  5 10 56 16  2 46 67 60 27 51  5 43 54 13 30 28 70 19 49 56 64 44 18 58 54 58 54 23 62 11 39 60 25 64 63 51 65  1 62 65 61
 43 45 58 23 25 34 63 23 12  6  1 66 37 30 16 31 29 40 40 41 56 49 56 28 47 56  7 67 15 47 47 39 60 66 47  7 65 62 58 36 61 59 49 56 17  8 10 28 17  6 27 58  4 59  2 28 62 18  8 63 19 52 42 15 59 28 19 54 19 37 42 49
 13 60 67 68 29 19 22 28  6 49 49 56 59 13 56 20 28 48 17 43  6 60  6 48 13 13 15 34 26 23 56  9 17  6 50 40  7 22 60 56 10 29 56 34 14 27 18 28  4 30  1 51 12 41 57 20 50 71 72  1 37 67 67 13 14 57 25 25  4 34 51  9
 22 47 65 38 65  5 72 47 26 31 14 54 52  7 23 47 60 60 51 32 26  1 25  3 65 65 34 62 10  9  9 64 27 55 50 27 48 10 48 14 65 40  3 18 33 54 46 14 19 30 24 27 70 30 40 46 51 36 23 71 47 71 46 19 19 72 64 34 53  4  2 53
 30 53 68 27 12 55 13 13 14  5 72 33 39 15 62 66 56 23 13 65 17 65 15 22 24 38 11 19 63 16  5 19 27 46 24 45 72 17 58 54  2 28 45 65 72 18 35 28 64  3 64 44 66 10 69 41 54 45 47 18 53 16 10 47 18 69 63 18 39 28 24 53
 18 14 56 34 58 40 17 64 20 22 72  8 44 61 67 11 43 23  3 16 18 17 35 66 49  3 57 57 36 63  3  8 38 31 51 11 64 14 62 49  3 61 59 37 63 36 36 15 46 47 38  7 51 72 39  9 32 52 58 37 44 58  1 34 31 17 49  2 47  9 70  1
 36 56  9  8 54 55 72 11 51 60 18  3 50 65 58 41 26 66 35 63 21 18 51 46 13  3 36 28 67 49 49 72 52 61 68 47 58 48 60 61 69 52  2 47 61 46 60 68 62 10 69 18 45 26 28 10 60 55 36 15 19 51 54 62 54 14 69 67  8 47 21 59
 25 34 43 36 56 53  6 24 38 51 70 43 59 30 45 14 44 10 57 56 46 55 29 41 51 46 60 42 63 22 55 30 56 33 42 61 72 70 43 15 64 43 68 19 52 72 28 57 22 71 46  3 14 24 30 53 58 54 37 37 42 62 70 59 22 42 28 44 46 15 46  3
 30  4 47  4  4 33  7 70 20 46 62 60  3 43 64 36 41 38 21 59 70 54 33 21 55 36 42  4 10 23 61 61 52  7 24  2 56  2  5 46  8 52 61  8 61 30  4 32  5 59 36 51 16 20 34 64 16 16 28 35  5 16  1  3 66 42 35 22 61 59 71  4
 61 34 36 36 70 38 53 29 37 28 33 28 37 11 58 33 55 67 58 41 45 43 61  3  6 41 40 70 42 24 40 72  4 11 53  9 58 34  6 46 41 19 10 65 41 32 58 26 36 19 37 36  7 23 10 38  4  3 57 53 15 29 31  2 37 28 61  7  3 19 31 47
 71 23  6 63 63 53 35 11 52 17 34 23 64 61 61  8 22 28 19 63 35 25 72 20 63 31 67 61 17 41 22 67 69 12  3 48 67 58 38 62 14 27 37 12 38 23 22 63 30 12 64  9 59 60 56 45 58 45  2 69 46  1 59 22 18 64 51 64 19 71 36 54
  5 22 24 34 69  2 60 60 21 13 59  5 53 33  2 10 68  2 59 59 61  5 28  5 67 60 55  7  9 41 14 58 13 33 11 67 58 23 45 62 45 15 70 26 29 55 38 16 72 20 46 33 67 38 26 46 33 27 35 20 69 24 71 34 27 54 35 34 10 52 43 71
 11 58 40 25  4 57 64  1 15 14 28 20 46  8 53 20 57  8 47 70 57 13  7 27 14 54  4 19 36 60 72 72 24  5 12 28 69 30 24 32 42 14 61 45 45 32  4  6  5 13 46 67 68 64  7 42 18 54 10 53 15 31 53 14 22  5 20 40 27 27 61 10
 15 52 66 56 39 43 22 20 32 39 45 54 53 44 12 13 53 32 13 65 10 52 45 54 40 37  3 37 24 22 66 67 28 21 28 21 52 57 38 39 28 47 60 50 30 41 47  6 34 23 12 66 30 71 22 70 24 40 28 62 34 23 44 30  2 22 70 37 41 34 21 41
 15 36 70 13 65 15 37 34 58 46 45 13 12 34 42  2 58 40 38 19 22 68 60 55 16 42 13 40 20 54 41 55 55  8 54 43 25 28 50 44 65 11 49 32 32 29 14 45 41 12 19 14 19 55 59 58 59 15 45 17 27 57 37 49 41 51 28 63 55 15 58 47
 67  8 14 62 32 63 68 63  5 35 65 30 37 32 58 54 39 51 43 23  1 46 34 43 49 30 67 43 63 64 67 31 35 41 17  1 55 12 46 31 40  9 42 17 19 52  7 30 62 22 67 54 60 52 63 49 12 67 52 14 72 66 40 34 14 34 61 34  1 59 53 47
  3 61  9  9 56 62 13 13 64 48 46 50 14 67 63 27 51 35 58 66 66 36 36 13 31 29 19 66 72 38 55  1 58 56 66 34 15 70 57 32 18  4 57 18 53 15 43 12 29 37 51 28  6  1 47 62 28  3  3 47 28 31 29 18 65  1 57 18 67 34 50  4
  2 67 60 57 57 24 42 10 66 14 71 67 59  1  4 57 56 35 31  9 59 25 63 31 39 56 21 17 67 72 21 67 21 54 70 36 52 35 40  2 67 25 54 34 58 47 45  1 12 61 58 31 52 29 38 28 31 67 68 21 12 42  4  6 69 14 39 33 45  4 45 33
 17 44 39 44 16 65 31 14 33 17 62 44 12  9 42 35 65  9 60 64 28  7 69  3 11 51 29 31 34 59  3 12  4 13 19 37 68 34 23 23  8 72 60 34 45  7 65 35 10 56  1 11 51 55 20 60 70 36 56 63 32 28 48 51 43  1 64 35 20  6 55 18
  7 43 35 20 16 10 54 33 45 57 12 43 56 35 32 22 48 21 39 16 12 72 23 31 67 39 66 15 20 72 27 19  6  5 71  8 21 22 53 16 31 25 55 42 42 16 25 72 12 31  3 43 11 35 16 65 37 49 44 25  4 51 55 19 39  4 29 67 27 24 43 72
 44  5 72 57 59 72 26 39 24 11 11 39 35 18 14 22  6  6  2 53 39 68 27 30 14  9 22 49 59  6 69 37 33 64 18 18 46 45 17  3  9 19 59 56 12  2 55 68 55 45  5 48 51  3 48 12 67 70 39 23 11 13 45 70 59  7 56  8 45 23 19 26
 32 72 68 22 68 10 41  3 58  9 12 43 18 23 52 39  9 51 11 64 42 15 25 72 28 71 56 44 63 71 53 27 10 52  8 37 14 61 13  7  3 49 19 67 72 49 47 17 59 18 60 10 40 44 69 65 15  2 54  2 15 54  3  9 39 23 15 65 38 70 61 60
 37  3 60 48 49 62 59 35 68 22 39 35 12 31 34 10 65 49 15  6 37 21 17  7 53 26 70 48 37  3 21 37  6 40 36 66 21 51 51 32 34 51 10  1 46 47  6 22 42 17 33 59 71 32 20 63 70 42 42 31 12 55 48 69 16 40 71 65 46 47 57 12
 58 63 61 36 46 32 66 25 13  5 16 50 51  8 16 48 52 67 25  9 27 55 47 59 72 32 41 59 32 31 18 40  1  2  7 30 45  3 58 49 49 40 56 58 28 72 42 56 54 13 50 22  6 37 12 47 16 19 68  5 31  3 72 68 44 55 12 71  9 56  4 12
 12 48 16 60 35  2 52 15  6 22 29  6 24 22  8 37 47 58  4 22  3 51 21 38 40 45  7  4 29 62  4 12 58 34 51 48 33 65 17 35 67  3 58 35 59 68 17 49  7 54 34 60 13 62  3  7 35 44  4 56 34 22  2  1  1 52 15 33 27  2 42 62
 33 51 20 67  6 42 54 26 20  6 35 37 26 41 14 30 30 42 63 51 36 72 13 46 31 40 22 15 45 49 70  8 40 15 72 29 12 40 51 39 38 15 43  1 11 65 54 16 58 69 39 24 54 70 65 65 20 70 10 49 49 42 27 15 17 46 67 39 63 26 39 14
  8 58 48 60 11 40 50  5  3 16  6 16 14 64  3 22 70 46 71 43 13 10 66 40 20 36 58  7 15 31 45 48 55 15 34 47 29 18 52 34 55 71 46 34 71 45 65  8 19 40  5 23 28 37 71  3 62  1 12 48 37 64 34 31 13 18 62 56 22 22 38 34
 39 39 66 29  4 70 70 11 35 13 65 31 68 72 53 62 61 63 34  8 23  6  2  8 19  5 36 17 60 20 51  9 54  3 47 28 32 55 43 46 72  9 30 41 37 66 44  2 22 68 63 48 50 55  2  2 64 57 18 61 44 66 17 72 46 57  1 59 37 19  7 22
 45 42 54 25 42 14 19 72  3 38  1 66 48 38 41 69  2 54 54 33 18  5 59 24  5 23 41 48 54 35 13 40 34 18 24  7 25 51 20 51 24 46 69 31 48 70 22  2 21 56 65 56 13 30 46  1 13  9 53  3 42 67 72  3  2  1 63 36  1 46 63  2
 50 32 11 37  4 51 26  1 43 18 61 48 15 63 26 58 27 45 23 42 17 31 67 26 61 14 36 53 55 46 65 65  1  4 46 15 65 36 47 31 41 32 43 67 32 17 11 14 14 47 17 41 38 14 33 67  4 29  2 17 68 50 45 63 60 71 60 61 49 36  4 61
 41 67 29 67 51 16 19 54 33 15  5 12 25 19 20 62 65 53 21 70 52 65 44  1 25  2 43 35 55 20 29 31 19 54 64 32 29 53 42 16 31 57 11 12 19 41 54  8  5  4 24  6  5 66 41 70 31 56 11 61  1 70  4 24 60 31 57 55 31 52 60 57
 33 64 25 38 25 55 70 53 13  6 38  7 33 23 50 18 65 43  5  7 60 62 26 42 30 72 42 13 18 26 25 25 50 40 20 39 60 47 16  5 66 26  2 50 36 40 26 52 16 17 27 29 42 53 48 52 29 49 28 42 46 41 67 47 36  7 71 51 20 17 68 34
 21 52 48  9 43 42 52 14 56 25 58 23 12 70 14 27 42 72 70 36  2 57 59 32 46 49 67 54  3 59 16 57 46 61 69 48 55 55 22 15 55 36 18 55  7 12 56  2 51 41  9 59 43 61 27 25 32 11 57  9 53 16 63 72 15 68 32  2  7 41 48 56
 40 72 14 65  8 15 39  3 59 10 68 39  6 56 49 66 19  1 36 37 52  6 20 40 35 23 47 38 15 67 68 14 16 22 56 18 55 17  8 61 29 51 64 53 44 51 69 46 22 30 37 30 18 67  4 61 47 30 42 49 71 23 18 19 12 44 58 29 38 31  9  1
  6  2 29 65 18 45 28 16 66 52 60  8 36 18  4 54 70 29 30  4  2 30 59 67 61 55 16  1  8 49 72 44 26 43 17 22  2 65 59 18 14 44 69 23 55 61 17 14 18  3 49 41 21 58 14 29 42 45  3 35 52 39 28  8 47 30 69 17  7 69 18 45
 38  1  3 21 69 39 24 63 18  8 62  3 38 26 39 36 21 62 20 43 70 61 29 56 52 36 25 70 10 61 53 61 33 14 59 54 30 43 25 45 11 25 53 59 57 22 27 13 68 35 21 19 21 72 64 36 62 65  6 28 13 54 58 43 40 55 56 10  4  6 29 39
 15 43 65 25 68 70 27  9 13 69 17 34  6  6 40 38  6 57 36 60  9 47 17 30 36 25 53  2 30 32 51 25 17 42 70  9 25 66 19 20  4  8 16 52  9 35 18 48 34 27 11  2 44 72 45 70 62 29 32 67 37 46 45  8  4 42 41  4 50 71 16  4
  6 33  6 18 41 44 27 27 56 69 26 14 62 54 18 63  6 14  2 68 17 50 62 52 54 34  5 30 25 53 26 46 38  2 15 54 57 67 66  5  8 67 45 59 69 46 69 30 24 63 22 62 69 36 54 17 47 67 54 12  8 30 61 52 62  2 36 67 24 61 56  1
 37 17 48 52 39 26 39 53  3 12 69 16 20 58 53 43 25 68 68  1 19 22 16 21 12 19 32  4 66 22 51 19 33 45 41 22 18 39 26 31  2  9 43 17 31  6  4 48 31 43 54 36 15 54  1 50 70 64 25 27  3 64 58 33 52  7 34 36 34 33 18 34
  2 59 34  4 27  1 48 16 31 68  5 24 40 27 66 20 21 13 23 15  5 41 31 24 23  2 16 31 18 21  7 47 33  9 54 59 60  2 46 41 67 64 62 62 21 58 29 34 34 59 27 28 50 44  3 28 50 36  6  5 47  6 21 20 69 67 24 69 29 59 30  1
